<html>
<body>
<pre>
<h1>µVision Build Log</h1>
<h2>Tool Versions:</h2>
IDE-Version: µVision V5.17.0.0
Copyright (C) 2015 ARM Ltd and ARM Germany GmbH. All rights reserved.
License Information: ser Microsoft, Microsoft, LIC=7YKKP-MM88G-66FQS-L42HG-FU8XZ-J84WQ
 
Tool Versions:
Toolchain:       MDK-ARM Professional  Version: 5.17
Toolchain Path:  C:\Keil_v5\ARM\ARMCC\Bin
C Compiler:      Armcc.exe V5.06 update 1 (build 61)
Assembler:       Armasm.exe V5.06 update 1 (build 61)
Linker/Locator:  ArmLink.exe V5.06 update 1 (build 61)
Library Manager: ArmAr.exe V5.06 update 1 (build 61)
Hex Converter:   FromElf.exe V5.06 update 1 (build 61)
CPU DLL:         SARMCM3.DLL V5.17
Dialog DLL:      DCM.DLL V1.13.4.0
Target DLL:      STLink\ST-LINKIII-KEIL_SWO.dll V2.0.18.0
Dialog DLL:      TARMSTM.DLL V1.64.0.0
 
<h2>Project:</h2>
E:\GitHub\BUM\STM32F103C8\BUM.uvprojx
Project File Date:  03/28/2017

<h2>Output:</h2>
*** Using Compiler 'V5.06 update 1 (build 61)', folder: 'C:\Keil_v5\ARM\ARMCC\Bin'
Rebuild target 'BUM'
assembling startup_stm32f10x_md.s...
compiling core_cm3.c...
compiling system_stm32f10x.c...
compiling main.c...
compiling misc.c...
compiling stm32f10x_rcc.c...
compiling stm32f10x_gpio.c...
compiling stm32f10x_dma.c...
compiling stm32f10x_usart.c...
compiling stm32f10x_tim.c...
compiling stm32f10x_iwdg.c...
compiling stm32f10x_exti.c...
compiling stm32f10x_pwr.c...
compiling time_service.c...
compiling pwm.c...
Library\pwm.c(88): error:  #29: expected an expression
  		.channel1						= 
IMER3_CH1, 
Library\pwm.c(89): error:  #29: expected an expression
  		.channel2						= 
IMER3_CH2,
Library\pwm.c(90): error:  #29: expected an expression
  		.channel3						= 
IMER3_CH3,
Library\pwm.c(91): error:  #29: expected an expression
  		.channel4						= 
IMER3_CH4,
Library\pwm.c: 0 warnings, 4 errors
compiling self_control.c...
compiling crc.c...
compiling motor.c...
compiling common.c...
compiling utility.c...
compiling link_slave.c...
compiling mg_common.c...
compiling mg_canal_level.c...
compiling mg_data_level.c...
compiling mg_regs.c...
compiling hw_config.c...
compiling stm32_it.c...
compiling usb_desc.c...
compiling usb_endp.c...
compiling usb_istr.c...
compiling usb_prop.c...
compiling usb_pwr.c...
compiling USB_struct.c...
compiling usb_core.c...
compiling usb_init.c...
compiling usb_int.c...
compiling usb_sil.c...
compiling usb_mem.c...
compiling usb_regs.c...
".\Objects\BUM.axf" - 4 Error(s), 0 Warning(s).

<h2>Collection of Component include folders:</h2>
  E:\GitHub\BUM\STM32F103C8\RTE
  C:\Keil_v5\ARM\PACK\Keil\STM32F1xx_DFP\2.1.0\Device\Include

<h2>Collection of Component Files used:</h2>
Target not created.
Build Time Elapsed:  00:00:08
</pre>
</body>
</html>
